<?xml version="1.0" encoding="UTF-8"?>
<!-- Generated by org.testng.reporters.JUnitXMLReporter -->
<testsuite ignored="0" hostname="SKY-4DL5RV2-10" failures="0" tests="3" name="Default test" time="8.62" errors="0" timestamp="30 Jan 2021 15:06:27 GMT">
  <testcase classname="parameterization.TestNGDataProviderDemo" name="login" time="0.434"/>
  <testcase classname="parameterization.TestNGDataProviderDemo" name="login" time="0.248"/>
  <testcase classname="parameterization.TestNGDataProviderDemo" name="login" time="0.219"/>
</testsuite> <!-- Default test -->
