<?xml version="1.0" encoding="UTF-8"?>
<!-- Generated by org.testng.reporters.JUnitXMLReporter -->
<testsuite ignored="4" hostname="SKY-4DL5RV2-10" failures="0" tests="2" name="Test" time="0.04" errors="0" timestamp="31 Jan 2021 15:09:57 GMT">
  <testcase classname="groupingexampe.HotelSearch" name="cancelBooking" time="0.012"/>
  <testcase classname="groupingexampe.HotelSearch" name="searchHotel" time="0.001"/>
  <testcase classname="groupingexampe.FlightSearch" name="rescheduleTkt" time="0.0">
    <ignored/>
  </testcase> <!-- rescheduleTkt -->
  <testcase classname="groupingexampe.HotelSearch" name="refundPayment" time="0.0">
    <ignored/>
  </testcase> <!-- refundPayment -->
  <testcase classname="groupingexampe.FlightSearch" name="cancelFlight" time="0.0">
    <ignored/>
  </testcase> <!-- cancelFlight -->
  <testcase classname="groupingexampe.FlightSearch" name="searchFlight" time="0.0">
    <ignored/>
  </testcase> <!-- searchFlight -->
</testsuite> <!-- Test -->
