<?xml version="1.0" encoding="UTF-8"?>
<!-- Generated by org.testng.reporters.JUnitXMLReporter -->
<testsuite ignored="0" hostname="SKY-4DL5RV2-10" failures="0" tests="3" name="firefox Test" time="0.01" errors="0" timestamp="24 Jan 2021 16:20:02 GMT">
  <testcase classname="beforesuiteexample.DemoA" name="test1" time="0.002"/>
  <testcase classname="beforesuiteexample.DemoB" name="test2" time="0.001"/>
  <testcase classname="beforesuiteexample.DemoC" name="test3" time="0.001"/>
</testsuite> <!-- firefox Test -->
